#
# A fatal error has been detected by the Java Runtime Environment:
#
#  SIGSEGV (0xb) at pc=0x0000000109bf7ce0, pid=2314, tid=0x0000000000004f03
#
# JRE version: Java(TM) SE Runtime Environment (8.0_111-b14) (build 1.8.0_111-b14)
# Java VM: Java HotSpot(TM) 64-Bit Server VM (25.111-b14 mixed mode bsd-amd64 compressed oops)
# Problematic frame:
# C  [libjdwp.dylib+0x21ce0]  jvmtiAllocate+0x1d
#
# Failed to write core dump. Core dumps have been disabled. To enable core dumping, try "ulimit -c unlimited" before starting Java again
#
# If you would like to submit a bug report, please visit:
#   http://bugreport.java.com/bugreport/crash.jsp
# The crash happened outside the Java Virtual Machine in native code.
# See problematic frame for where to report the bug.
#

---------------  T H R E A D  ---------------

Current thread (0x00007ff94180a800):  JavaThread "JDWP Command Reader" daemon [_thread_in_native, id=20227, stack(0x000070000225f000,0x000070000235f000)]

siginfo: si_signo: 11 (SIGSEGV), si_code: 1 (SEGV_MAPERR), si_addr: 0x0000000000000000

Registers:
RAX=0x0000000000000000, RBX=0x0000000121bea38a, RCX=0x0000000000000009, RDX=0x000070000235eb49
RSP=0x000070000235eb00, RBP=0x000070000235eb30, RSI=0x000000000000f000, RDI=0x0000000000000022
R8 =0x000070000235eb49, R9 =0x00007ff9441f8600, R10=0x000000000000002e, R11=0x00007fffd03b5b46
R12=0x0000000109bfddf2, R13=0x00007ff941222990, R14=0x000000000000000a, R15=0x0000000109bfc809
RIP=0x0000000109bf7ce0, EFLAGS=0x0000000000010206, ERR=0x0000000000000004
  TRAPNO=0x000000000000000e

Top of Stack: (sp=0x000070000235eb00)
0x000070000235eb00:   0000000000000004 ffffffffffffffe7
0x000070000235eb10:   0000000000000000 0000000000000107
0x000070000235eb20:   0000000121bea38a 000000000000000a
0x000070000235eb30:   000070000235ec60 0000000121be9792
0x000070000235eb40:   0000000000000000 6c69662064614268
0x000070000235eb50:   6972637365642065 00000000726f7470
0x000070000235eb60:   0000000000000000 0000000000000000
0x000070000235eb70:   0000000000000000 0000000000000000
0x000070000235eb80:   0000000000000000 0000000000000000
0x000070000235eb90:   0000000000000000 0000000000000000
0x000070000235eba0:   0000000000000000 0000000000000000
0x000070000235ebb0:   0000000000000000 0000000000000000
0x000070000235ebc0:   0000000000000000 0000000000000000
0x000070000235ebd0:   0000000000000000 0000000000000000
0x000070000235ebe0:   0000000000000000 0000000000000000
0x000070000235ebf0:   0000000000000000 0000000000000000
0x000070000235ec00:   0000000000000000 0000000000000000
0x000070000235ec10:   0000000000000000 0000000000000000
0x000070000235ec20:   0000000000000000 0000000000000000
0x000070000235ec30:   0000000000000000 0000000000000000
0x000070000235ec40:   0000000000000000 54327e9c7d4a009c
0x000070000235ec50:   000070000235ece0 0000000109bfde0d
0x000070000235ec60:   000070000235ec90 0000000121be92ff
0x000070000235ec70:   000070000235ecb0 0000000109bf8991
0x000070000235ec80:   000070000235ece0 0000000109bfde0d
0x000070000235ec90:   000070000235ecb0 0000000109bf4ae9
0x000070000235eca0:   0000000109bfdde6 0000000109bfde0d
0x000070000235ecb0:   000070000235ed20 0000000109be48dd
0x000070000235ecc0:   0000000000000019 000070000235ed00
0x000070000235ecd0:   0000000000005501 0000000000004f03
0x000070000235ece0:   00000a1d0000003e 0000000000020100
0x000070000235ecf0:   00007ff94120f6d0 00007ff94180a800 

Instructions: (pc=0x0000000109bf7ce0)
0x0000000109bf7cc0:   5e 5d c3 55 48 89 e5 41 56 53 48 83 ec 20 85 ff
0x0000000109bf7cd0:   0f 84 85 00 00 00 48 8b 05 bb 18 01 00 48 8b 00
0x0000000109bf7ce0:   48 8b 08 48 63 f7 48 8d 55 e8 48 89 c7 ff 91 68
0x0000000109bf7cf0:   01 00 00 85 c0 74 5e 89 c3 89 df e8 66 ce fe ff 

Register to memory mapping:

RAX=0x0000000000000000 is an unknown value
RBX=0x0000000121bea38a: dbgsysConnect+0x2fe in /Library/Java/JavaVirtualMachines/jdk1.8.0_111.jdk/Contents/Home/jre/lib/libdt_socket.dylib at 0x0000000121be8000
RCX=0x0000000000000009 is an unknown value
RDX=0x000070000235eb49 is pointing into the stack for thread: 0x00007ff94180a800
RSP=0x000070000235eb00 is pointing into the stack for thread: 0x00007ff94180a800
RBP=0x000070000235eb30 is pointing into the stack for thread: 0x00007ff94180a800
RSI=0x000000000000f000 is an unknown value
RDI=0x0000000000000022 is an unknown value
R8 =0x000070000235eb49 is pointing into the stack for thread: 0x00007ff94180a800
R9 =0x00007ff9441f8600 is an unknown value
R10=0x000000000000002e is an unknown value
R11=0x00007fffd03b5b46: pthread_getspecific+0 in /usr/lib/system/libsystem_pthread.dylib at 0x00007fffd03b4000
R12=0x0000000109bfddf2: util_initialize+0x25dd in /Library/Java/JavaVirtualMachines/jdk1.8.0_111.jdk/Contents/Home/jre/lib/libjdwp.dylib at 0x0000000109bd6000
R13=0x00007ff941222990 is an unknown value
R14=0x000000000000000a is an unknown value
R15=0x0000000109bfc809: util_initialize+0xff4 in /Library/Java/JavaVirtualMachines/jdk1.8.0_111.jdk/Contents/Home/jre/lib/libjdwp.dylib at 0x0000000109bd6000


Stack: [0x000070000225f000,0x000070000235f000],  sp=0x000070000235eb00,  free space=1022k
Native frames: (J=compiled Java code, j=interpreted, Vv=VM code, C=native code)
C  [libjdwp.dylib+0x21ce0]  jvmtiAllocate+0x1d
C  [libdt_socket.dylib+0x1792]  setLastError+0x87
C  [libdt_socket.dylib+0x12ff]  socketTransport_readPacket+0x67
C  [libjdwp.dylib+0x1eae9]  transport_receivePacket+0x1a
C  [libjdwp.dylib+0xe8dd]  reader+0x72
V  [libjvm.dylib+0x3998cc]  JvmtiAgentThread::call_start_function()+0x38
V  [libjvm.dylib+0x56a27b]  JavaThread::thread_main_inner()+0x9b
V  [libjvm.dylib+0x56b968]  JavaThread::run()+0x1c2
V  [libjvm.dylib+0x489b0a]  java_start(Thread*)+0xf6
C  [libsystem_pthread.dylib+0x3aab]  _pthread_body+0xb4
C  [libsystem_pthread.dylib+0x39f7]  _pthread_body+0x0
C  [libsystem_pthread.dylib+0x31fd]  thread_start+0xd
C  0x0000000000000000


---------------  P R O C E S S  ---------------

Java Threads: ( => current thread )
  0x00007ff941800000 JavaThread "Service Thread" daemon [_thread_blocked, id=22787, stack(0x000070000276e000,0x000070000286e000)]
  0x00007ff94180b800 JavaThread "C1 CompilerThread3" daemon [_thread_blocked, id=22275, stack(0x000070000266b000,0x000070000276b000)]
  0x00007ff942801000 JavaThread "C2 CompilerThread2" daemon [_thread_in_native, id=21763, stack(0x0000700002568000,0x0000700002668000)]
  0x00007ff940065800 JavaThread "C2 CompilerThread1" daemon [_thread_blocked, id=21251, stack(0x0000700002465000,0x0000700002565000)]
  0x00007ff940064000 JavaThread "C2 CompilerThread0" daemon [_thread_blocked, id=20739, stack(0x0000700002362000,0x0000700002462000)]
=>0x00007ff94180a800 JavaThread "JDWP Command Reader" daemon [_thread_in_native, id=20227, stack(0x000070000225f000,0x000070000235f000)]
  0x00007ff940063800 JavaThread "JDWP Event Helper Thread" daemon [_thread_blocked, id=19715, stack(0x000070000215c000,0x000070000225c000)]
  0x00007ff940062800 JavaThread "JDWP Transport Listener: dt_socket" daemon [_thread_blocked, id=19203, stack(0x0000700002059000,0x0000700002159000)]
  0x00007ff940059800 JavaThread "Signal Dispatcher" daemon [_thread_blocked, id=18691, stack(0x0000700001f56000,0x0000700002056000)]
  0x00007ff942033000 JavaThread "Finalizer" daemon [_thread_blocked, id=14595, stack(0x0000700001e53000,0x0000700001f53000)]
  0x00007ff942030000 JavaThread "Reference Handler" daemon [_thread_blocked, id=14083, stack(0x0000700001d50000,0x0000700001e50000)]
  0x00007ff941801800 JavaThread "main" [_thread_blocked, id=7171, stack(0x0000700001332000,0x0000700001432000)]

Other Threads:
  0x00007ff943001000 VMThread [stack: 0x0000700001c4d000,0x0000700001d4d000] [id=13571]

VM state:at safepoint (normal execution)

VM Mutex/Monitor currently owned by a thread:  ([mutex/lock_event])
[0x00007ff93fd11870] Threads_lock - owner thread: 0x00007ff943001000

Heap:
 PSYoungGen      total 217600K, used 5338K [0x0000000795580000, 0x00000007a6500000, 0x00000007c0000000)
  eden space 203264K, 2% used [0x0000000795580000,0x0000000795ab6930,0x00000007a1c00000)
  from space 14336K, 0% used [0x00000007a5480000,0x00000007a5480000,0x00000007a6280000)
  to   space 2560K, 0% used [0x00000007a6280000,0x00000007a6280000,0x00000007a6500000)
 ParOldGen       total 70144K, used 30724K [0x0000000740000000, 0x0000000744480000, 0x0000000795580000)
  object space 70144K, 43% used [0x0000000740000000,0x0000000741e011a0,0x0000000744480000)
 Metaspace       used 25537K, capacity 26296K, committed 28544K, reserved 1075200K
  class space    used 2927K, capacity 3123K, committed 3456K, reserved 1048576K

Card table byte_map: [0x0000000109ff2000,0x000000010a3f3000] byte_map_base: 0x00000001065f2000

Marking Bits: (ParMarkBitMap*) 0x00000001094efd20
 Begin Bits: [0x0000000119852000, 0x000000011b852000)
 End Bits:   [0x000000011b852000, 0x000000011d852000)

Polling page: 0x0000000107bf7000

CodeCache: size=245760Kb used=18841Kb max_used=18966Kb free=226918Kb
 bounds [0x000000010a852000, 0x000000010bb12000, 0x0000000119852000]
 total_blobs=5478 nmethods=5082 adapters=317
 compilation: enabled

Compilation events (10 events):
Event: 5.127 Thread 0x00007ff94180b800 nmethod 5737 0x000000010aeac810 code [0x000000010aeac980, 0x000000010aeacc28]
Event: 5.128 Thread 0x00007ff94180b800 5734       3       java.util.zip.Inflater::finalize (5 bytes)
Event: 5.128 Thread 0x00007ff940064000 nmethod 5614 0x000000010bafb290 code [0x000000010bafb780, 0x000000010bb01d10]
Event: 5.128 Thread 0x00007ff94180b800 nmethod 5734 0x000000010ae335d0 code [0x000000010ae33740, 0x000000010ae338e8]
Event: 5.129 Thread 0x00007ff94180b800 5735       3       java.util.zip.ZipFile::finalize (5 bytes)
Event: 5.129 Thread 0x00007ff94180b800 nmethod 5735 0x000000010a969210 code [0x000000010a969380, 0x000000010a9695a8]
Event: 5.130 Thread 0x00007ff940064000 5718       4       com.google.inject.internal.LinkedBindingImpl::acceptTargetVisitor (8 bytes)
Event: 5.131 Thread 0x00007ff940064000 nmethod 5718 0x000000010a950950 code [0x000000010a950ac0, 0x000000010a950c38]
Event: 5.131 Thread 0x00007ff94180b800 5738       1       java.util.logging.Logger::getName (5 bytes)
Event: 5.131 Thread 0x00007ff94180b800 nmethod 5738 0x000000010b395d50 code [0x000000010b395ea0, 0x000000010b395fb0]

GC Heap History (10 events):
Event: 2.456 GC heap before
{Heap before GC invocations=7 (full 0):
 PSYoungGen      total 144384K, used 38636K [0x0000000795580000, 0x000000079ef80000, 0x00000007c0000000)
  eden space 132608K, 21% used [0x0000000795580000,0x00000007971b69a0,0x000000079d700000)
  from space 11776K, 82% used [0x000000079e300000,0x000000079ec84750,0x000000079ee80000)
  to   space 12288K, 0% used [0x000000079d700000,0x000000079d700000,0x000000079e300000)
 ParOldGen       total 87552K, used 10072K [0x0000000740000000, 0x0000000745580000, 0x0000000795580000)
  object space 87552K, 11% used [0x0000000740000000,0x00000007409d62c0,0x0000000745580000)
 Metaspace       used 20719K, capacity 21118K, committed 21296K, reserved 1069056K
  class space    used 2492K, capacity 2649K, committed 2688K, reserved 1048576K
Event: 2.466 GC heap after
Heap after GC invocations=7 (full 0):
 PSYoungGen      total 144896K, used 8154K [0x0000000795580000, 0x00000007a7080000, 0x00000007c0000000)
  eden space 132608K, 0% used [0x0000000795580000,0x0000000795580000,0x000000079d700000)
  from space 12288K, 66% used [0x000000079d700000,0x000000079def6bf0,0x000000079e300000)
  to   space 12288K, 0% used [0x00000007a6480000,0x00000007a6480000,0x00000007a7080000)
 ParOldGen       total 87552K, used 11788K [0x0000000740000000, 0x0000000745580000, 0x0000000795580000)
  object space 87552K, 13% used [0x0000000740000000,0x0000000740b83320,0x0000000745580000)
 Metaspace       used 20719K, capacity 21118K, committed 21296K, reserved 1069056K
  class space    used 2492K, capacity 2649K, committed 2688K, reserved 1048576K
}
Event: 2.467 GC heap before
{Heap before GC invocations=8 (full 1):
 PSYoungGen      total 144896K, used 8154K [0x0000000795580000, 0x00000007a7080000, 0x00000007c0000000)
  eden space 132608K, 0% used [0x0000000795580000,0x0000000795580000,0x000000079d700000)
  from space 12288K, 66% used [0x000000079d700000,0x000000079def6bf0,0x000000079e300000)
  to   space 12288K, 0% used [0x00000007a6480000,0x00000007a6480000,0x00000007a7080000)
 ParOldGen       total 87552K, used 11788K [0x0000000740000000, 0x0000000745580000, 0x0000000795580000)
  object space 87552K, 13% used [0x0000000740000000,0x0000000740b83320,0x0000000745580000)
 Metaspace       used 20719K, capacity 21118K, committed 21296K, reserved 1069056K
  class space    used 2492K, capacity 2649K, committed 2688K, reserved 1048576K
Event: 2.529 GC heap after
Heap after GC invocations=8 (full 1):
 PSYoungGen      total 144896K, used 0K [0x0000000795580000, 0x00000007a7080000, 0x00000007c0000000)
  eden space 132608K, 0% used [0x0000000795580000,0x0000000795580000,0x000000079d700000)
  from space 12288K, 0% used [0x000000079d700000,0x000000079d700000,0x000000079e300000)
  to   space 12288K, 0% used [0x00000007a6480000,0x00000007a6480000,0x00000007a7080000)
 ParOldGen       total 70144K, used 16690K [0x0000000740000000, 0x0000000744480000, 0x0000000795580000)
  object space 70144K, 23% used [0x0000000740000000,0x000000074104c860,0x0000000744480000)
 Metaspace       used 20719K, capacity 21118K, committed 21296K, reserved 1069056K
  class space    used 2492K, capacity 2649K, committed 2688K, reserved 1048576K
}
Event: 3.172 GC heap before
{Heap before GC invocations=9 (full 1):
 PSYoungGen      total 144896K, used 132608K [0x0000000795580000, 0x00000007a7080000, 0x00000007c0000000)
  eden space 132608K, 100% used [0x0000000795580000,0x000000079d700000,0x000000079d700000)
  from space 12288K, 0% used [0x000000079d700000,0x000000079d700000,0x000000079e300000)
  to   space 12288K, 0% used [0x00000007a6480000,0x00000007a6480000,0x00000007a7080000)
 ParOldGen       total 70144K, used 16690K [0x0000000740000000, 0x0000000744480000, 0x0000000795580000)
  object space 70144K, 23% used [0x0000000740000000,0x000000074104c860,0x0000000744480000)
 Metaspace       used 23237K, capacity 23838K, committed 23936K, reserved 1071104K
  class space    used 2745K, capacity 2911K, committed 2944K, reserved 1048576K
Event: 3.182 GC heap after
Heap after GC invocations=9 (full 1):
 PSYoungGen      total 215552K, used 12258K [0x0000000795580000, 0x00000007a7080000, 0x00000007c0000000)
  eden space 203264K, 0% used [0x0000000795580000,0x0000000795580000,0x00000007a1c00000)
  from space 12288K, 99% used [0x00000007a6480000,0x00000007a7078940,0x00000007a7080000)
  to   space 14336K, 0% used [0x00000007a5480000,0x00000007a5480000,0x00000007a6280000)
 ParOldGen       total 70144K, used 18258K [0x0000000740000000, 0x0000000744480000, 0x0000000795580000)
  object space 70144K, 26% used [0x0000000740000000,0x00000007411d49c0,0x0000000744480000)
 Metaspace       used 23237K, capacity 23838K, committed 23936K, reserved 1071104K
  class space    used 2745K, capacity 2911K, committed 2944K, reserved 1048576K
}
Event: 4.937 GC heap before
{Heap before GC invocations=10 (full 1):
 PSYoungGen      total 215552K, used 158929K [0x0000000795580000, 0x00000007a7080000, 0x00000007c0000000)
  eden space 203264K, 72% used [0x0000000795580000,0x000000079e4bbb40,0x00000007a1c00000)
  from space 12288K, 99% used [0x00000007a6480000,0x00000007a7078940,0x00000007a7080000)
  to   space 14336K, 0% used [0x00000007a5480000,0x00000007a5480000,0x00000007a6280000)
 ParOldGen       total 70144K, used 18258K [0x0000000740000000, 0x0000000744480000, 0x0000000795580000)
  object space 70144K, 26% used [0x0000000740000000,0x00000007411d49c0,0x0000000744480000)
 Metaspace       used 27346K, capacity 28294K, committed 28544K, reserved 1075200K
  class space    used 3167K, capacity 3404K, committed 3456K, reserved 1048576K
Event: 4.957 GC heap after
Heap after GC invocations=10 (full 1):
 PSYoungGen      total 217600K, used 14315K [0x0000000795580000, 0x00000007a6500000, 0x00000007c0000000)
  eden space 203264K, 0% used [0x0000000795580000,0x0000000795580000,0x00000007a1c00000)
  from space 14336K, 99% used [0x00000007a5480000,0x00000007a627aeb0,0x00000007a6280000)
  to   space 2560K, 0% used [0x00000007a6280000,0x00000007a6280000,0x00000007a6500000)
 ParOldGen       total 70144K, used 25355K [0x0000000740000000, 0x0000000744480000, 0x0000000795580000)
  object space 70144K, 36% used [0x0000000740000000,0x00000007418c2f68,0x0000000744480000)
 Metaspace       used 27346K, capacity 28294K, committed 28544K, reserved 1075200K
  class space    used 3167K, capacity 3404K, committed 3456K, reserved 1048576K
}
Event: 4.957 GC heap before
{Heap before GC invocations=11 (full 2):
 PSYoungGen      total 217600K, used 14315K [0x0000000795580000, 0x00000007a6500000, 0x00000007c0000000)
  eden space 203264K, 0% used [0x0000000795580000,0x0000000795580000,0x00000007a1c00000)
  from space 14336K, 99% used [0x00000007a5480000,0x00000007a627aeb0,0x00000007a6280000)
  to   space 2560K, 0% used [0x00000007a6280000,0x00000007a6280000,0x00000007a6500000)
 ParOldGen       total 70144K, used 25355K [0x0000000740000000, 0x0000000744480000, 0x0000000795580000)
  object space 70144K, 36% used [0x0000000740000000,0x00000007418c2f68,0x0000000744480000)
 Metaspace       used 27346K, capacity 28294K, committed 28544K, reserved 1075200K
  class space    used 3167K, capacity 3404K, committed 3456K, reserved 1048576K
Event: 5.121 GC heap after
Heap after GC invocations=11 (full 2):
 PSYoungGen      total 217600K, used 0K [0x0000000795580000, 0x00000007a6500000, 0x00000007c0000000)
  eden space 203264K, 0% used [0x0000000795580000,0x0000000795580000,0x00000007a1c00000)
  from space 14336K, 0% used [0x00000007a5480000,0x00000007a5480000,0x00000007a6280000)
  to   space 2560K, 0% used [0x00000007a6280000,0x00000007a6280000,0x00000007a6500000)
 ParOldGen       total 70144K, used 30724K [0x0000000740000000, 0x0000000744480000, 0x0000000795580000)
  object space 70144K, 43% used [0x0000000740000000,0x0000000741e011a0,0x0000000744480000)
 Metaspace       used 25530K, capacity 26296K, committed 28544K, reserved 1075200K
  class space    used 2926K, capacity 3123K, committed 3456K, reserved 1048576K
}

Deoptimization events (10 events):
Event: 4.934 Thread 0x00007ff941801800 Uncommon trap: reason=unhandled action=none pc=0x000000010b3a2f1c method=java.net.URLClassLoader.findClass(Ljava/lang/String;)Ljava/lang/Class; @ 44
Event: 4.934 Thread 0x00007ff941801800 Uncommon trap: reason=unhandled action=none pc=0x000000010b3a2f1c method=java.net.URLClassLoader.findClass(Ljava/lang/String;)Ljava/lang/Class; @ 44
Event: 4.935 Thread 0x00007ff941801800 Uncommon trap: reason=unhandled action=none pc=0x000000010b3a2f1c method=java.net.URLClassLoader.findClass(Ljava/lang/String;)Ljava/lang/Class; @ 44
Event: 4.935 Thread 0x00007ff941801800 Uncommon trap: reason=unhandled action=none pc=0x000000010b3a2f1c method=java.net.URLClassLoader.findClass(Ljava/lang/String;)Ljava/lang/Class; @ 44
Event: 4.936 Thread 0x00007ff941801800 Uncommon trap: reason=class_check action=maybe_recompile pc=0x000000010a9b52e8 method=java.lang.AbstractStringBuilder.append(Ljava/lang/CharSequence;)Ljava/lang/AbstractStringBuilder; @ 37
Event: 4.936 Thread 0x00007ff941801800 Uncommon trap: reason=class_check action=maybe_recompile pc=0x000000010a9b52e8 method=java.lang.AbstractStringBuilder.append(Ljava/lang/CharSequence;)Ljava/lang/AbstractStringBuilder; @ 37
Event: 4.936 Thread 0x00007ff941801800 Uncommon trap: reason=class_check action=maybe_recompile pc=0x000000010a9b52e8 method=java.lang.AbstractStringBuilder.append(Ljava/lang/CharSequence;)Ljava/lang/AbstractStringBuilder; @ 37
Event: 4.936 Thread 0x00007ff941801800 Uncommon trap: reason=class_check action=maybe_recompile pc=0x000000010a9b52e8 method=java.lang.AbstractStringBuilder.append(Ljava/lang/CharSequence;)Ljava/lang/AbstractStringBuilder; @ 37
Event: 5.123 Thread 0x00007ff941801800 Uncommon trap: reason=unhandled action=none pc=0x000000010b3a2f1c method=java.net.URLClassLoader.findClass(Ljava/lang/String;)Ljava/lang/Class; @ 44
Event: 5.129 Thread 0x00007ff941801800 Uncommon trap: reason=unhandled action=none pc=0x000000010b3a2f1c method=java.net.URLClassLoader.findClass(Ljava/lang/String;)Ljava/lang/Class; @ 44

Internal exceptions (10 events):
Event: 4.899 Thread 0x00007ff941801800 Exception <a 'java/lang/ArrayIndexOutOfBoundsException': 100> (0x000000079e01d3c8) thrown at [/Users/java_re/workspace/8-2-build-macosx-x86_64/jdk8u111/7883/hotspot/src/share/vm/interpreter/interpreterRuntime.cpp, line 366]
Event: 4.899 Thread 0x00007ff941801800 Exception <a 'java/lang/ArrayIndexOutOfBoundsException': 86> (0x000000079e01ea10) thrown at [/Users/java_re/workspace/8-2-build-macosx-x86_64/jdk8u111/7883/hotspot/src/share/vm/interpreter/interpreterRuntime.cpp, line 366]
Event: 4.899 Thread 0x00007ff941801800 Exception <a 'java/lang/ArrayIndexOutOfBoundsException': 111> (0x000000079e020188) thrown at [/Users/java_re/workspace/8-2-build-macosx-x86_64/jdk8u111/7883/hotspot/src/share/vm/interpreter/interpreterRuntime.cpp, line 366]
Event: 4.899 Thread 0x00007ff941801800 Exception <a 'java/lang/ArrayIndexOutOfBoundsException': 113> (0x000000079e021ec8) thrown at [/Users/java_re/workspace/8-2-build-macosx-x86_64/jdk8u111/7883/hotspot/src/share/vm/interpreter/interpreterRuntime.cpp, line 366]
Event: 4.899 Thread 0x00007ff941801800 Exception <a 'java/lang/ArrayIndexOutOfBoundsException': 85> (0x000000079e023b20) thrown at [/Users/java_re/workspace/8-2-build-macosx-x86_64/jdk8u111/7883/hotspot/src/share/vm/interpreter/interpreterRuntime.cpp, line 366]
Event: 4.899 Thread 0x00007ff941801800 Exception <a 'java/lang/ArrayIndexOutOfBoundsException': 79> (0x000000079e025118) thrown at [/Users/java_re/workspace/8-2-build-macosx-x86_64/jdk8u111/7883/hotspot/src/share/vm/interpreter/interpreterRuntime.cpp, line 366]
Event: 4.903 Thread 0x00007ff941801800 Exception <a 'java/lang/ArrayIndexOutOfBoundsException': 37> (0x000000079e2927e8) thrown at [/Users/java_re/workspace/8-2-build-macosx-x86_64/jdk8u111/7883/hotspot/src/share/vm/interpreter/interpreterRuntime.cpp, line 366]
Event: 4.904 Thread 0x00007ff941801800 Exception <a 'java/lang/ArrayIndexOutOfBoundsException': 72> (0x000000079e293de0) thrown at [/Users/java_re/workspace/8-2-build-macosx-x86_64/jdk8u111/7883/hotspot/src/share/vm/interpreter/interpreterRuntime.cpp, line 366]
Event: 4.904 Thread 0x00007ff941801800 Exception <a 'java/lang/ArrayIndexOutOfBoundsException': 83> (0x000000079e295518) thrown at [/Users/java_re/workspace/8-2-build-macosx-x86_64/jdk8u111/7883/hotspot/src/share/vm/interpreter/interpreterRuntime.cpp, line 366]
Event: 4.904 Thread 0x00007ff941801800 Exception <a 'java/lang/ArrayIndexOutOfBoundsException': 83> (0x000000079e296d08) thrown at [/Users/java_re/workspace/8-2-build-macosx-x86_64/jdk8u111/7883/hotspot/src/share/vm/interpreter/interpreterRuntime.cpp, line 366]

Events (10 events):
Event: 5.131 Thread 0x00007ff940064000 flushing nmethod 0x000000010b3b5e90
Event: 5.131 Thread 0x00007ff941d2d800 Thread exited: 0x00007ff941d2d800
Event: 5.131 Thread 0x00007ff940064000 flushing nmethod 0x000000010b3c9f50
Event: 5.131 Thread 0x00007ff940064000 flushing nmethod 0x000000010b3cd190
Event: 5.131 Thread 0x00007ff940064000 flushing nmethod 0x000000010b3d8b10
Event: 5.131 Thread 0x00007ff940064000 flushing nmethod 0x000000010b3da4d0
Event: 5.131 Thread 0x00007ff940064000 flushing nmethod 0x000000010b3df550
Event: 5.131 Thread 0x00007ff940064000 flushing nmethod 0x000000010b3e0f50
Event: 5.131 Thread 0x00007ff940064000 flushing nmethod 0x000000010b3e5b50
Event: 5.131 Executing VM operation: Exit


Dynamic libraries:
0x0000000045897000 	/System/Library/Frameworks/Cocoa.framework/Versions/A/Cocoa
0x0000000045897000 	/System/Library/Frameworks/Security.framework/Versions/A/Security
0x0000000045897000 	/System/Library/Frameworks/ApplicationServices.framework/Versions/A/ApplicationServices
0x0000000045897000 	/usr/lib/libz.1.dylib
0x0000000045897000 	/usr/lib/libSystem.B.dylib
0x0000000045897000 	/usr/lib/libobjc.A.dylib
0x0000000045897000 	/System/Library/Frameworks/CoreFoundation.framework/Versions/A/CoreFoundation
0x0000000045897000 	/System/Library/Frameworks/Foundation.framework/Versions/C/Foundation
0x0000000045897000 	/System/Library/Frameworks/AppKit.framework/Versions/C/AppKit
0x0000000045897000 	/System/Library/Frameworks/CoreData.framework/Versions/A/CoreData
0x0000000045897000 	/System/Library/PrivateFrameworks/RemoteViewServices.framework/Versions/A/RemoteViewServices
0x0000000045897000 	/System/Library/PrivateFrameworks/UIFoundation.framework/Versions/A/UIFoundation
0x0000000045897000 	/System/Library/PrivateFrameworks/DFRFoundation.framework/Versions/A/DFRFoundation
0x0000000045897000 	/usr/lib/libenergytrace.dylib
0x0000000045897000 	/System/Library/PrivateFrameworks/SkyLight.framework/Versions/A/SkyLight
0x0000000045897000 	/System/Library/Frameworks/CoreGraphics.framework/Versions/A/CoreGraphics
0x0000000045897000 	/usr/lib/libScreenReader.dylib
0x0000000045897000 	/System/Library/Frameworks/Accelerate.framework/Versions/A/Accelerate
0x0000000045897000 	/System/Library/Frameworks/IOSurface.framework/Versions/A/IOSurface
0x0000000045897000 	/System/Library/Frameworks/AudioToolbox.framework/Versions/A/AudioToolbox
0x0000000045897000 	/System/Library/Frameworks/AudioUnit.framework/Versions/A/AudioUnit
0x0000000045897000 	/System/Library/PrivateFrameworks/DataDetectorsCore.framework/Versions/A/DataDetectorsCore
0x0000000045897000 	/System/Library/PrivateFrameworks/DesktopServicesPriv.framework/Versions/A/DesktopServicesPriv
0x0000000045897000 	/System/Library/Frameworks/Carbon.framework/Versions/A/Frameworks/HIToolbox.framework/Versions/A/HIToolbox
0x0000000045897000 	/usr/lib/libicucore.A.dylib
0x0000000045897000 	/System/Library/Frameworks/QuartzCore.framework/Versions/A/QuartzCore
0x0000000045897000 	/System/Library/Frameworks/Carbon.framework/Versions/A/Frameworks/SpeechRecognition.framework/Versions/A/SpeechRecognition
0x0000000045897000 	/usr/lib/libauto.dylib
0x0000000045897000 	/usr/lib/libxml2.2.dylib
0x0000000045897000 	/System/Library/PrivateFrameworks/CoreUI.framework/Versions/A/CoreUI
0x0000000045897000 	/System/Library/Frameworks/CoreAudio.framework/Versions/A/CoreAudio
0x0000000045897000 	/System/Library/Frameworks/DiskArbitration.framework/Versions/A/DiskArbitration
0x0000000045897000 	/usr/lib/liblangid.dylib
0x0000000045897000 	/System/Library/PrivateFrameworks/MultitouchSupport.framework/Versions/A/MultitouchSupport
0x0000000045897000 	/System/Library/Frameworks/IOKit.framework/Versions/A/IOKit
0x0000000045897000 	/usr/lib/libDiagnosticMessagesClient.dylib
0x0000000045897000 	/System/Library/Frameworks/CoreServices.framework/Versions/A/CoreServices
0x0000000045897000 	/System/Library/PrivateFrameworks/PerformanceAnalysis.framework/Versions/A/PerformanceAnalysis
0x0000000045897000 	/System/Library/PrivateFrameworks/GenerationalStorage.framework/Versions/A/GenerationalStorage
0x0000000045897000 	/System/Library/Frameworks/OpenGL.framework/Versions/A/OpenGL
0x0000000045897000 	/System/Library/Frameworks/CoreImage.framework/Versions/A/CoreImage
0x0000000045897000 	/System/Library/Frameworks/CoreText.framework/Versions/A/CoreText
0x0000000045897000 	/System/Library/Frameworks/ImageIO.framework/Versions/A/ImageIO
0x0000000045897000 	/System/Library/PrivateFrameworks/Backup.framework/Versions/A/Backup
0x0000000045897000 	/usr/lib/libarchive.2.dylib
0x0000000045897000 	/System/Library/Frameworks/CFNetwork.framework/Versions/A/CFNetwork
0x0000000045897000 	/System/Library/Frameworks/SystemConfiguration.framework/Versions/A/SystemConfiguration
0x0000000045897000 	/usr/lib/libCRFSuite.dylib
0x0000000045897000 	/usr/lib/libc++.1.dylib
0x0000000045897000 	/usr/lib/libc++abi.dylib
0x0000000045897000 	/usr/lib/system/libcache.dylib
0x0000000045897000 	/usr/lib/system/libcommonCrypto.dylib
0x0000000045897000 	/usr/lib/system/libcompiler_rt.dylib
0x0000000045897000 	/usr/lib/system/libcopyfile.dylib
0x0000000045897000 	/usr/lib/system/libcorecrypto.dylib
0x0000000045897000 	/usr/lib/system/libdispatch.dylib
0x0000000045897000 	/usr/lib/system/libdyld.dylib
0x0000000045897000 	/usr/lib/system/libkeymgr.dylib
0x0000000045897000 	/usr/lib/system/liblaunch.dylib
0x0000000045897000 	/usr/lib/system/libmacho.dylib
0x0000000045897000 	/usr/lib/system/libquarantine.dylib
0x0000000045897000 	/usr/lib/system/libremovefile.dylib
0x0000000045897000 	/usr/lib/system/libsystem_asl.dylib
0x0000000045897000 	/usr/lib/system/libsystem_blocks.dylib
0x0000000045897000 	/usr/lib/system/libsystem_c.dylib
0x0000000045897000 	/usr/lib/system/libsystem_configuration.dylib
0x0000000045897000 	/usr/lib/system/libsystem_coreservices.dylib
0x0000000045897000 	/usr/lib/system/libsystem_coretls.dylib
0x0000000045897000 	/usr/lib/system/libsystem_dnssd.dylib
0x0000000045897000 	/usr/lib/system/libsystem_info.dylib
0x0000000045897000 	/usr/lib/system/libsystem_kernel.dylib
0x0000000045897000 	/usr/lib/system/libsystem_m.dylib
0x0000000045897000 	/usr/lib/system/libsystem_malloc.dylib
0x0000000045897000 	/usr/lib/system/libsystem_network.dylib
0x0000000045897000 	/usr/lib/system/libsystem_networkextension.dylib
0x0000000045897000 	/usr/lib/system/libsystem_notify.dylib
0x0000000045897000 	/usr/lib/system/libsystem_platform.dylib
0x0000000045897000 	/usr/lib/system/libsystem_pthread.dylib
0x0000000045897000 	/usr/lib/system/libsystem_sandbox.dylib
0x0000000045897000 	/usr/lib/system/libsystem_secinit.dylib
0x0000000045897000 	/usr/lib/system/libsystem_symptoms.dylib
0x0000000045897000 	/usr/lib/system/libsystem_trace.dylib
0x0000000045897000 	/usr/lib/system/libunwind.dylib
0x0000000045897000 	/usr/lib/system/libxpc.dylib
0x0000000045897000 	/usr/lib/libbsm.0.dylib
0x0000000045897000 	/usr/lib/system/libkxld.dylib
0x0000000045897000 	/usr/lib/libcoretls.dylib
0x0000000045897000 	/usr/lib/libcoretls_cfhelpers.dylib
0x0000000045897000 	/usr/lib/libxar.1.dylib
0x0000000045897000 	/usr/lib/libsqlite3.dylib
0x0000000045897000 	/usr/lib/libpam.2.dylib
0x0000000045897000 	/usr/lib/libOpenScriptingUtil.dylib
0x0000000045897000 	/usr/lib/libbz2.1.0.dylib
0x0000000045897000 	/usr/lib/liblzma.5.dylib
0x0000000045897000 	/usr/lib/libnetwork.dylib
0x0000000045897000 	/usr/lib/libpcap.A.dylib
0x0000000045897000 	/System/Library/Frameworks/CoreServices.framework/Versions/A/Frameworks/FSEvents.framework/Versions/A/FSEvents
0x0000000045897000 	/System/Library/Frameworks/CoreServices.framework/Versions/A/Frameworks/CarbonCore.framework/Versions/A/CarbonCore
0x0000000045897000 	/System/Library/Frameworks/CoreServices.framework/Versions/A/Frameworks/Metadata.framework/Versions/A/Metadata
0x0000000045897000 	/System/Library/Frameworks/CoreServices.framework/Versions/A/Frameworks/OSServices.framework/Versions/A/OSServices
0x0000000045897000 	/System/Library/Frameworks/CoreServices.framework/Versions/A/Frameworks/SearchKit.framework/Versions/A/SearchKit
0x0000000045897000 	/System/Library/Frameworks/CoreServices.framework/Versions/A/Frameworks/AE.framework/Versions/A/AE
0x0000000045897000 	/System/Library/Frameworks/CoreServices.framework/Versions/A/Frameworks/LaunchServices.framework/Versions/A/LaunchServices
0x0000000045897000 	/System/Library/Frameworks/CoreServices.framework/Versions/A/Frameworks/DictionaryServices.framework/Versions/A/DictionaryServices
0x0000000045897000 	/System/Library/Frameworks/CoreServices.framework/Versions/A/Frameworks/SharedFileList.framework/Versions/A/SharedFileList
0x0000000045897000 	/System/Library/Frameworks/NetFS.framework/Versions/A/NetFS
0x0000000045897000 	/System/Library/PrivateFrameworks/NetAuth.framework/Versions/A/NetAuth
0x0000000045897000 	/System/Library/PrivateFrameworks/login.framework/Versions/A/Frameworks/loginsupport.framework/Versions/A/loginsupport
0x0000000045897000 	/System/Library/PrivateFrameworks/TCC.framework/Versions/A/TCC
0x0000000045897000 	/usr/lib/libmecabra.dylib
0x0000000045897000 	/System/Library/Frameworks/ApplicationServices.framework/Versions/A/Frameworks/ATS.framework/Versions/A/ATS
0x0000000045897000 	/System/Library/Frameworks/ApplicationServices.framework/Versions/A/Frameworks/ColorSync.framework/Versions/A/ColorSync
0x0000000045897000 	/System/Library/Frameworks/ApplicationServices.framework/Versions/A/Frameworks/HIServices.framework/Versions/A/HIServices
0x0000000045897000 	/System/Library/Frameworks/ApplicationServices.framework/Versions/A/Frameworks/LangAnalysis.framework/Versions/A/LangAnalysis
0x0000000045897000 	/System/Library/Frameworks/ApplicationServices.framework/Versions/A/Frameworks/PrintCore.framework/Versions/A/PrintCore
0x0000000045897000 	/System/Library/Frameworks/ApplicationServices.framework/Versions/A/Frameworks/QD.framework/Versions/A/QD
0x0000000045897000 	/System/Library/Frameworks/ApplicationServices.framework/Versions/A/Frameworks/SpeechSynthesis.framework/Versions/A/SpeechSynthesis
0x0000000045897000 	/System/Library/Frameworks/Accelerate.framework/Versions/A/Frameworks/vImage.framework/Versions/A/vImage
0x0000000045897000 	/System/Library/Frameworks/Accelerate.framework/Versions/A/Frameworks/vecLib.framework/Versions/A/vecLib
0x0000000045897000 	/System/Library/Frameworks/Accelerate.framework/Versions/A/Frameworks/vecLib.framework/Versions/A/libvDSP.dylib
0x0000000045897000 	/System/Library/Frameworks/Accelerate.framework/Versions/A/Frameworks/vecLib.framework/Versions/A/libBNNS.dylib
0x0000000045897000 	/System/Library/Frameworks/Accelerate.framework/Versions/A/Frameworks/vecLib.framework/Versions/A/libQuadrature.dylib
0x0000000045897000 	/System/Library/Frameworks/Accelerate.framework/Versions/A/Frameworks/vecLib.framework/Versions/A/libvMisc.dylib
0x0000000045897000 	/System/Library/Frameworks/Accelerate.framework/Versions/A/Frameworks/vecLib.framework/Versions/A/libLAPACK.dylib
0x0000000045897000 	/System/Library/Frameworks/Accelerate.framework/Versions/A/Frameworks/vecLib.framework/Versions/A/libBLAS.dylib
0x0000000045897000 	/System/Library/Frameworks/Accelerate.framework/Versions/A/Frameworks/vecLib.framework/Versions/A/libLinearAlgebra.dylib
0x0000000045897000 	/System/Library/Frameworks/Accelerate.framework/Versions/A/Frameworks/vecLib.framework/Versions/A/libSparseBLAS.dylib
0x0000000045897000 	/System/Library/Frameworks/ApplicationServices.framework/Versions/A/Frameworks/ATS.framework/Versions/A/Resources/libFontParser.dylib
0x0000000045897000 	/System/Library/Frameworks/ApplicationServices.framework/Versions/A/Frameworks/ATS.framework/Versions/A/Resources/libFontRegistry.dylib
0x0000000045897000 	/System/Library/Frameworks/ImageIO.framework/Versions/A/Resources/libJPEG.dylib
0x0000000045897000 	/System/Library/Frameworks/ImageIO.framework/Versions/A/Resources/libTIFF.dylib
0x0000000045897000 	/System/Library/Frameworks/ImageIO.framework/Versions/A/Resources/libPng.dylib
0x0000000045897000 	/System/Library/Frameworks/ImageIO.framework/Versions/A/Resources/libGIF.dylib
0x0000000045897000 	/System/Library/Frameworks/ImageIO.framework/Versions/A/Resources/libJP2.dylib
0x0000000045897000 	/System/Library/Frameworks/ImageIO.framework/Versions/A/Resources/libRadiance.dylib
0x0000000045897000 	/usr/lib/libcompression.dylib
0x0000000045897000 	/System/Library/PrivateFrameworks/AppleJPEG.framework/Versions/A/AppleJPEG
0x0000000045897000 	/usr/lib/libcups.2.dylib
0x0000000045897000 	/System/Library/Frameworks/Kerberos.framework/Versions/A/Kerberos
0x0000000045897000 	/System/Library/Frameworks/GSS.framework/Versions/A/GSS
0x0000000045897000 	/usr/lib/libresolv.9.dylib
0x0000000045897000 	/usr/lib/libiconv.2.dylib
0x0000000045897000 	/System/Library/PrivateFrameworks/Heimdal.framework/Versions/A/Heimdal
0x0000000045897000 	/usr/lib/libheimdal-asn1.dylib
0x0000000045897000 	/System/Library/Frameworks/OpenDirectory.framework/Versions/A/OpenDirectory
0x0000000045897000 	/System/Library/PrivateFrameworks/CommonAuth.framework/Versions/A/CommonAuth
0x0000000045897000 	/System/Library/Frameworks/OpenDirectory.framework/Versions/A/Frameworks/CFOpenDirectory.framework/Versions/A/CFOpenDirectory
0x0000000045897000 	/System/Library/Frameworks/SecurityFoundation.framework/Versions/A/SecurityFoundation
0x0000000045897000 	/System/Library/PrivateFrameworks/LanguageModeling.framework/Versions/A/LanguageModeling
0x0000000045897000 	/usr/lib/libmarisa.dylib
0x0000000045897000 	/usr/lib/libChineseTokenizer.dylib
0x0000000045897000 	/usr/lib/libcmph.dylib
0x0000000045897000 	/System/Library/PrivateFrameworks/CoreEmoji.framework/Versions/A/CoreEmoji
0x0000000045897000 	/System/Library/Frameworks/ServiceManagement.framework/Versions/A/ServiceManagement
0x0000000045897000 	/usr/lib/libxslt.1.dylib
0x0000000045897000 	/System/Library/Frameworks/Carbon.framework/Versions/A/Frameworks/Ink.framework/Versions/A/Ink
0x0000000045897000 	/System/Library/PrivateFrameworks/TextureIO.framework/Versions/A/TextureIO
0x0000000045897000 	/System/Library/Frameworks/Metal.framework/Versions/A/Metal
0x0000000045897000 	/usr/lib/libate.dylib
0x0000000045897000 	/System/Library/PrivateFrameworks/GPUCompiler.framework/libmetal_timestamp.dylib
0x0000000045897000 	/System/Library/Frameworks/OpenGL.framework/Versions/A/Libraries/libCoreFSCache.dylib
0x0000000045897000 	/System/Library/PrivateFrameworks/IOAccelerator.framework/Versions/A/IOAccelerator
0x0000000045897000 	/System/Library/Frameworks/CoreVideo.framework/Versions/A/CoreVideo
0x0000000045897000 	/usr/lib/libFosl_dynamic.dylib
0x0000000045897000 	/System/Library/PrivateFrameworks/MetalPerformanceShaders.framework/Versions/A/MetalPerformanceShaders
0x0000000045897000 	/System/Library/PrivateFrameworks/FaceCore.framework/Versions/A/FaceCore
0x0000000045897000 	/System/Library/Frameworks/OpenCL.framework/Versions/A/OpenCL
0x0000000045897000 	/System/Library/Frameworks/OpenGL.framework/Versions/A/Libraries/libGLU.dylib
0x0000000045897000 	/System/Library/Frameworks/OpenGL.framework/Versions/A/Libraries/libGFXShared.dylib
0x0000000045897000 	/System/Library/Frameworks/OpenGL.framework/Versions/A/Libraries/libGL.dylib
0x0000000045897000 	/System/Library/Frameworks/OpenGL.framework/Versions/A/Libraries/libGLImage.dylib
0x0000000045897000 	/System/Library/Frameworks/OpenGL.framework/Versions/A/Libraries/libCVMSPluginSupport.dylib
0x0000000045897000 	/System/Library/Frameworks/OpenGL.framework/Versions/A/Libraries/libCoreVMClient.dylib
0x0000000045897000 	/System/Library/PrivateFrameworks/CrashReporterSupport.framework/Versions/A/CrashReporterSupport
0x0000000045897000 	/System/Library/PrivateFrameworks/Sharing.framework/Versions/A/Sharing
0x0000000045897000 	/System/Library/PrivateFrameworks/IconServices.framework/Versions/A/IconServices
0x0000000045897000 	/System/Library/PrivateFrameworks/ProtocolBuffer.framework/Versions/A/ProtocolBuffer
0x0000000045897000 	/System/Library/PrivateFrameworks/Apple80211.framework/Versions/A/Apple80211
0x0000000045897000 	/System/Library/Frameworks/CoreWLAN.framework/Versions/A/CoreWLAN
0x0000000045897000 	/System/Library/PrivateFrameworks/CoreUtils.framework/Versions/A/CoreUtils
0x0000000045897000 	/System/Library/Frameworks/IOBluetooth.framework/Versions/A/IOBluetooth
0x0000000045897000 	/System/Library/PrivateFrameworks/CoreWiFi.framework/Versions/A/CoreWiFi
0x0000000045897000 	/System/Library/Frameworks/CoreBluetooth.framework/Versions/A/CoreBluetooth
0x0000000045897000 	/System/Library/Frameworks/CoreDisplay.framework/Versions/A/CoreDisplay
0x0000000045897000 	/System/Library/PrivateFrameworks/IOPresentment.framework/Versions/A/IOPresentment
0x0000000045897000 	/System/Library/PrivateFrameworks/DebugSymbols.framework/Versions/A/DebugSymbols
0x0000000045897000 	/System/Library/PrivateFrameworks/CoreSymbolication.framework/Versions/A/CoreSymbolication
0x0000000045897000 	/System/Library/PrivateFrameworks/Symbolication.framework/Versions/A/Symbolication
0x0000000045897000 	/System/Library/PrivateFrameworks/AppleFSCompression.framework/Versions/A/AppleFSCompression
0x0000000045897000 	/System/Library/PrivateFrameworks/SpeechRecognitionCore.framework/Versions/A/SpeechRecognitionCore
0x0000000045897000 	/System/Library/PrivateFrameworks/ChunkingLibrary.framework/Versions/A/ChunkingLibrary
0x0000000108c00000 	/Library/Java/JavaVirtualMachines/jdk1.8.0_111.jdk/Contents/Home/jre/lib/server/libjvm.dylib
0x0000000045897000 	/usr/lib/libstdc++.6.dylib
0x0000000107be9000 	/Library/Java/JavaVirtualMachines/jdk1.8.0_111.jdk/Contents/Home/jre/lib/libverify.dylib
0x0000000109ba1000 	/Library/Java/JavaVirtualMachines/jdk1.8.0_111.jdk/Contents/Home/jre/lib/libjava.dylib
0x0000000109bd6000 	/Library/Java/JavaVirtualMachines/jdk1.8.0_111.jdk/Contents/Home/jre/lib/libjdwp.dylib
0x0000000107bf8000 	/Library/Java/JavaVirtualMachines/jdk1.8.0_111.jdk/Contents/Home/jre/lib/libnpt.dylib
0x0000000109c29000 	/Library/Java/JavaVirtualMachines/jdk1.8.0_111.jdk/Contents/Home/jre/lib/libzip.dylib
0x00000001202a8000 	/System/Library/Frameworks/JavaVM.framework/Frameworks/JavaRuntimeSupport.framework/JavaRuntimeSupport
0x00000001202c2000 	/System/Library/Frameworks/JavaVM.framework/Versions/A/Frameworks/JavaNativeFoundation.framework/Versions/A/JavaNativeFoundation
0x00000001202d7000 	/System/Library/Frameworks/JavaVM.framework/Versions/A/JavaVM
0x0000000045897000 	/System/Library/Frameworks/Carbon.framework/Versions/A/Carbon
0x00000001202e4000 	/System/Library/PrivateFrameworks/JavaLaunching.framework/Versions/A/JavaLaunching
0x0000000045897000 	/System/Library/Frameworks/Carbon.framework/Versions/A/Frameworks/CommonPanels.framework/Versions/A/CommonPanels
0x0000000045897000 	/System/Library/Frameworks/Carbon.framework/Versions/A/Frameworks/Help.framework/Versions/A/Help
0x0000000045897000 	/System/Library/Frameworks/Carbon.framework/Versions/A/Frameworks/ImageCapture.framework/Versions/A/ImageCapture
0x0000000045897000 	/System/Library/Frameworks/Carbon.framework/Versions/A/Frameworks/OpenScripting.framework/Versions/A/OpenScripting
0x0000000045897000 	/System/Library/Frameworks/Carbon.framework/Versions/A/Frameworks/Print.framework/Versions/A/Print
0x0000000045897000 	/System/Library/Frameworks/Carbon.framework/Versions/A/Frameworks/SecurityHI.framework/Versions/A/SecurityHI
0x0000000121be8000 	/Library/Java/JavaVirtualMachines/jdk1.8.0_111.jdk/Contents/Home/jre/lib/libdt_socket.dylib
0x0000000121d33000 	/Library/Java/JavaVirtualMachines/jdk1.8.0_111.jdk/Contents/Home/jre/lib/libnet.dylib
0x0000000121dac000 	/Library/Java/JavaVirtualMachines/jdk1.8.0_111.jdk/Contents/Home/jre/lib/libnio.dylib

VM Arguments:
jvm_args: -agentlib:jdwp=transport=dt_socket,suspend=y,address=localhost:50732 -Dmaven.home=EMBEDDED -Dclassworlds.conf=/Volumes/MacStore/Job/Pitayaa/SourceCode/workspace-sourceTree/.metadata/.plugins/org.eclipse.m2e.launching/launches/m2conf6124113938753840490.tmp -Dmaven.multiModuleProjectDirectory=/Volumes/MacStore/Job/Pitayaa/SourceCode/server-source-sourceTree/domain-notification -Dfile.encoding=UTF-8 
java_command: org.codehaus.plexus.classworlds.launcher.Launcher -B clean install
java_class_path (initial): /Users/khang/eclipse/jee-neon/Eclipse.app/Contents/Eclipse/../../../../../.p2/pool/plugins/org.eclipse.m2e.maven.runtime_1.7.0.20160603-1931/jars/plexus-classworlds-2.5.2.jar
Launcher Type: SUN_STANDARD

Environment Variables:
PATH=/usr/bin:/bin:/usr/sbin:/sbin
SHELL=/bin/bash

Signal Handlers:
SIGSEGV: [libjvm.dylib+0x5b03ed], sa_mask[0]=11111111011111110111111111111111, sa_flags=SA_ONSTACK|SA_RESTART|SA_SIGINFO
SIGBUS: [libjvm.dylib+0x5b03ed], sa_mask[0]=11111111011111110111111111111111, sa_flags=SA_RESTART|SA_SIGINFO
SIGFPE: [libjvm.dylib+0x48711c], sa_mask[0]=11111111011111110111111111111111, sa_flags=SA_RESTART|SA_SIGINFO
SIGPIPE: [libjvm.dylib+0x48711c], sa_mask[0]=11111111011111110111111111111111, sa_flags=SA_RESTART|SA_SIGINFO
SIGXFSZ: [libjvm.dylib+0x48711c], sa_mask[0]=11111111011111110111111111111111, sa_flags=SA_RESTART|SA_SIGINFO
SIGILL: [libjvm.dylib+0x48711c], sa_mask[0]=11111111011111110111111111111111, sa_flags=SA_RESTART|SA_SIGINFO
SIGUSR1: SIG_DFL, sa_mask[0]=00000000000000000000000000000000, sa_flags=none
SIGUSR2: [libjvm.dylib+0x486c3a], sa_mask[0]=00100000000000000000000000000000, sa_flags=SA_RESTART|SA_SIGINFO
SIGHUP: [libjvm.dylib+0x485211], sa_mask[0]=11111111011111110111111111111111, sa_flags=SA_RESTART|SA_SIGINFO
SIGINT: [libjvm.dylib+0x485211], sa_mask[0]=11111111011111110111111111111111, sa_flags=SA_RESTART|SA_SIGINFO
SIGTERM: [libjvm.dylib+0x485211], sa_mask[0]=11111111011111110111111111111111, sa_flags=SA_RESTART|SA_SIGINFO
SIGQUIT: [libjvm.dylib+0x485211], sa_mask[0]=11111111011111110111111111111111, sa_flags=SA_RESTART|SA_SIGINFO


---------------  S Y S T E M  ---------------

OS:Bsduname:Darwin 16.4.0 Darwin Kernel Version 16.4.0: Thu Dec 22 22:53:21 PST 2016; root:xnu-3789.41.3~3/RELEASE_X86_64 x86_64
rlimit: STACK 8192k, CORE 0k, NPROC 709, NOFILE 10240, AS infinity
load average:2.66 2.36 1.99

CPU:total 8 (4 cores per cpu, 2 threads per core) family 6 model 60 stepping 3, cmov, cx8, fxsr, mmx, sse, sse2, sse3, ssse3, sse4.1, sse4.2, popcnt, avx, avx2, aes, clmul, erms, rtm, lzcnt, ht, tsc, tscinvbit, bmi1, bmi2

Memory: 4k page, physical 8388608k(102696k free)

/proc/meminfo:


vm_info: Java HotSpot(TM) 64-Bit Server VM (25.111-b14) for bsd-amd64 JRE (1.8.0_111-b14), built on Sep 22 2016 15:31:41 by "java_re" with gcc 4.2.1 (Based on Apple Inc. build 5658) (LLVM build 2336.11.00)

time: Sat Nov  4 21:30:18 2017
elapsed time: 5 seconds (0d 0h 0m 5s)

